This file contains any messages produced by compilers while
running configure, to aid debugging if configure makes a mistake.

It was created by configure, which was
generated by GNU Autoconf 2.65.  Invocation command line was

  $ ./configure 

## --------- ##
## Platform. ##
## --------- ##

hostname = dz
uname -m = x86_64
uname -r = 3.10.10-200.fc19.x86_64
uname -s = Linux
uname -v = #1 SMP Thu Aug 29 19:05:45 UTC 2013

/usr/bin/uname -p = x86_64
/bin/uname -X     = unknown

/bin/arch              = x86_64
/usr/bin/arch -k       = unknown
/usr/convex/getsysinfo = unknown
/usr/bin/hostinfo      = unknown
/bin/machine           = unknown
/usr/bin/oslevel       = unknown
/bin/universe          = unknown

PATH: /home/henocdz/.rvm/gems/ruby-2.0.0-p247/bin
PATH: /home/henocdz/.rvm/gems/ruby-2.0.0-p247@global/bin
PATH: /home/henocdz/.rvm/rubies/ruby-2.0.0-p247/bin
PATH: /home/henocdz/.rvm/bin
PATH: /usr/lib64/qt-3.3/bin
PATH: /usr/local/bin
PATH: /usr/bin
PATH: /bin
PATH: /usr/local/sbin
PATH: /usr/sbin
PATH: /home/henocdz/.local/bin
PATH: /home/henocdz/bin
PATH: /home/henocdz/.rvm/bin


## ----------- ##
## Core tests. ##
## ----------- ##

configure:2450: checking for a BSD-compatible install
configure:2518: result: /usr/bin/install -c
configure:2529: checking whether build environment is sane
configure:2579: result: yes
configure:2720: checking for a thread-safe mkdir -p
configure:2759: result: /usr/bin/mkdir -p
configure:2772: checking for gawk
configure:2788: found /usr/bin/gawk
configure:2799: result: gawk
configure:2810: checking whether make sets $(MAKE)
configure:2832: result: yes
configure:2965: checking for gcc
configure:2981: found /usr/bin/gcc
configure:2992: result: gcc
configure:3221: checking for C compiler version
configure:3230: gcc --version >&5
gcc (GCC) 4.8.1 20130603 (Red Hat 4.8.1-1)
Copyright (C) 2013 Free Software Foundation, Inc.
This is free software; see the source for copying conditions.  There is NO
warranty; not even for MERCHANTABILITY or FITNESS FOR A PARTICULAR PURPOSE.

configure:3241: $? = 0
configure:3230: gcc -v >&5
Using built-in specs.
COLLECT_GCC=gcc
COLLECT_LTO_WRAPPER=/usr/libexec/gcc/x86_64-redhat-linux/4.8.1/lto-wrapper
Target: x86_64-redhat-linux
Configured with: ../configure --prefix=/usr --mandir=/usr/share/man --infodir=/usr/share/info --with-bugurl=http://bugzilla.redhat.com/bugzilla --enable-bootstrap --enable-shared --enable-threads=posix --enable-checking=release --with-system-zlib --enable-__cxa_atexit --disable-libunwind-exceptions --enable-gnu-unique-object --enable-linker-build-id --with-linker-hash-style=gnu --enable-languages=c,c++,objc,obj-c++,java,fortran,ada,go,lto --enable-plugin --enable-initfini-array --enable-java-awt=gtk --disable-dssi --with-java-home=/usr/lib/jvm/java-1.5.0-gcj-1.5.0.0/jre --enable-libgcj-multifile --enable-java-maintainer-mode --with-ecj-jar=/usr/share/java/eclipse-ecj.jar --disable-libjava-multilib --with-isl=/builddir/build/BUILD/gcc-4.8.1-20130603/obj-x86_64-redhat-linux/isl-install --with-cloog=/builddir/build/BUILD/gcc-4.8.1-20130603/obj-x86_64-redhat-linux/cloog-install --with-tune=generic --with-arch_32=i686 --build=x86_64-redhat-linux
Thread model: posix
gcc version 4.8.1 20130603 (Red Hat 4.8.1-1) (GCC) 
configure:3241: $? = 0
configure:3230: gcc -V >&5
gcc: error: unrecognized command line option '-V'
gcc: fatal error: no input files
compilation terminated.
configure:3241: $? = 4
configure:3230: gcc -qversion >&5
gcc: error: unrecognized command line option '-qversion'
gcc: fatal error: no input files
compilation terminated.
configure:3241: $? = 4
configure:3261: checking whether the C compiler works
configure:3283: gcc    conftest.c  >&5
configure:3287: $? = 0
configure:3336: result: yes
configure:3339: checking for C compiler default output file name
configure:3341: result: a.out
configure:3347: checking for suffix of executables
configure:3354: gcc -o conftest    conftest.c  >&5
configure:3358: $? = 0
configure:3380: result: 
configure:3402: checking whether we are cross compiling
configure:3410: gcc -o conftest    conftest.c  >&5
configure:3414: $? = 0
configure:3421: ./conftest
configure:3425: $? = 0
configure:3440: result: no
configure:3445: checking for suffix of object files
configure:3467: gcc -c   conftest.c >&5
configure:3471: $? = 0
configure:3492: result: o
configure:3496: checking whether we are using the GNU C compiler
configure:3515: gcc -c   conftest.c >&5
configure:3515: $? = 0
configure:3524: result: yes
configure:3533: checking whether gcc accepts -g
configure:3553: gcc -c -g  conftest.c >&5
configure:3553: $? = 0
configure:3594: result: yes
configure:3611: checking for gcc option to accept ISO C89
configure:3675: gcc  -c -g -O2  conftest.c >&5
configure:3675: $? = 0
configure:3688: result: none needed
configure:3719: checking for style of include used by make
configure:3747: result: GNU
configure:3772: checking dependency style of gcc
configure:3882: result: gcc3
configure:3926: checking build system type
configure:3940: result: x86_64-unknown-linux-gnu
configure:3960: checking host system type
configure:3973: result: x86_64-unknown-linux-gnu
configure:3993: checking for a sed that does not truncate output
configure:4057: result: /usr/bin/sed
configure:4075: checking for grep that handles long lines and -e
configure:4133: result: /usr/bin/grep
configure:4138: checking for egrep
configure:4200: result: /usr/bin/grep -E
configure:4205: checking for fgrep
configure:4267: result: /usr/bin/grep -F
configure:4302: checking for ld used by gcc
configure:4369: result: /usr/bin/ld
configure:4376: checking if the linker (/usr/bin/ld) is GNU ld
configure:4391: result: yes
configure:4403: checking for BSD- or MS-compatible name lister (nm)
configure:4452: result: /usr/bin/nm -B
configure:4570: checking the name lister (/usr/bin/nm -B) interface
configure:4577: gcc -c -g -O2  conftest.c >&5
configure:4580: /usr/bin/nm -B "conftest.o"
configure:4583: output
0000000000000000 B some_variable
configure:4590: result: BSD nm
configure:4593: checking whether ln -s works
configure:4597: result: yes
configure:4605: checking the maximum length of command line arguments
configure:4725: result: 1572864
configure:4742: checking whether the shell understands some XSI constructs
configure:4752: result: yes
configure:4756: checking whether the shell understands "+="
configure:4762: result: yes
configure:4797: checking for /usr/bin/ld option to reload object files
configure:4804: result: -r
configure:4873: checking for objdump
configure:4889: found /usr/bin/objdump
configure:4900: result: objdump
configure:4932: checking how to recognize dependent libraries
configure:5128: result: pass_all
configure:5188: checking for ar
configure:5204: found /usr/bin/ar
configure:5215: result: ar
configure:5293: checking for strip
configure:5309: found /usr/bin/strip
configure:5320: result: strip
configure:5392: checking for ranlib
configure:5408: found /usr/bin/ranlib
configure:5419: result: ranlib
configure:5509: checking command to parse /usr/bin/nm -B output from gcc object
configure:5627: gcc -c -g -O2  conftest.c >&5
configure:5630: $? = 0
configure:5634: /usr/bin/nm -B conftest.o \| sed -n -e 's/^.*[	 ]\([ABCDGIRSTW][ABCDGIRSTW]*\)[	 ][	 ]*\([_A-Za-z][_A-Za-z0-9]*\)$/\1 \2 \2/p' \> conftest.nm
configure:5637: $? = 0
configure:5691: gcc -o conftest -g -O2   conftest.c conftstm.o >&5
configure:5694: $? = 0
configure:5732: result: ok
configure:5828: gcc -c -g -O2  conftest.c >&5
configure:5831: $? = 0
configure:6541: checking how to run the C preprocessor
configure:6572: gcc -E  conftest.c
configure:6572: $? = 0
configure:6586: gcc -E  conftest.c
conftest.c:11:28: fatal error: ac_nonexistent.h: No such file or directory
 #include <ac_nonexistent.h>
                            ^
compilation terminated.
configure:6586: $? = 1
configure: failed program was:
| /* confdefs.h */
| #define PACKAGE_NAME ""
| #define PACKAGE_TARNAME ""
| #define PACKAGE_VERSION ""
| #define PACKAGE_STRING ""
| #define PACKAGE_BUGREPORT ""
| #define PACKAGE_URL ""
| #define PACKAGE "libbmp"
| #define VERSION "0.1.3"
| /* end confdefs.h.  */
| #include <ac_nonexistent.h>
configure:6611: result: gcc -E
configure:6631: gcc -E  conftest.c
configure:6631: $? = 0
configure:6645: gcc -E  conftest.c
conftest.c:11:28: fatal error: ac_nonexistent.h: No such file or directory
 #include <ac_nonexistent.h>
                            ^
compilation terminated.
configure:6645: $? = 1
configure: failed program was:
| /* confdefs.h */
| #define PACKAGE_NAME ""
| #define PACKAGE_TARNAME ""
| #define PACKAGE_VERSION ""
| #define PACKAGE_STRING ""
| #define PACKAGE_BUGREPORT ""
| #define PACKAGE_URL ""
| #define PACKAGE "libbmp"
| #define VERSION "0.1.3"
| /* end confdefs.h.  */
| #include <ac_nonexistent.h>
configure:6674: checking for ANSI C header files
configure:6694: gcc -c -g -O2  conftest.c >&5
configure:6694: $? = 0
configure:6767: gcc -o conftest -g -O2   conftest.c  >&5
configure:6767: $? = 0
configure:6767: ./conftest
configure:6767: $? = 0
configure:6778: result: yes
configure:6791: checking for sys/types.h
configure:6791: gcc -c -g -O2  conftest.c >&5
configure:6791: $? = 0
configure:6791: result: yes
configure:6791: checking for sys/stat.h
configure:6791: gcc -c -g -O2  conftest.c >&5
configure:6791: $? = 0
configure:6791: result: yes
configure:6791: checking for stdlib.h
configure:6791: gcc -c -g -O2  conftest.c >&5
configure:6791: $? = 0
configure:6791: result: yes
configure:6791: checking for string.h
configure:6791: gcc -c -g -O2  conftest.c >&5
configure:6791: $? = 0
configure:6791: result: yes
configure:6791: checking for memory.h
configure:6791: gcc -c -g -O2  conftest.c >&5
configure:6791: $? = 0
configure:6791: result: yes
configure:6791: checking for strings.h
configure:6791: gcc -c -g -O2  conftest.c >&5
configure:6791: $? = 0
configure:6791: result: yes
configure:6791: checking for inttypes.h
configure:6791: gcc -c -g -O2  conftest.c >&5
configure:6791: $? = 0
configure:6791: result: yes
configure:6791: checking for stdint.h
configure:6791: gcc -c -g -O2  conftest.c >&5
configure:6791: $? = 0
configure:6791: result: yes
configure:6791: checking for unistd.h
configure:6791: gcc -c -g -O2  conftest.c >&5
configure:6791: $? = 0
configure:6791: result: yes
configure:6806: checking for dlfcn.h
configure:6806: gcc -c -g -O2  conftest.c >&5
configure:6806: $? = 0
configure:6806: result: yes
configure:6990: checking for objdir
configure:7005: result: .libs
configure:7301: checking if gcc supports -fno-rtti -fno-exceptions
configure:7319: gcc -c -g -O2  -fno-rtti -fno-exceptions conftest.c >&5
cc1: warning: command line option '-fno-rtti' is valid for C++/ObjC++ but not for C [enabled by default]
configure:7323: $? = 0
configure:7336: result: no
configure:7356: checking for gcc option to produce PIC
configure:7628: result: -fPIC -DPIC
configure:7640: checking if gcc PIC flag -fPIC -DPIC works
configure:7658: gcc -c -g -O2  -fPIC -DPIC -DPIC conftest.c >&5
configure:7662: $? = 0
configure:7675: result: yes
configure:7699: checking if gcc static flag -static works
configure:7727: result: no
configure:7742: checking if gcc supports -c -o file.o
configure:7763: gcc -c -g -O2  -o out/conftest2.o conftest.c >&5
configure:7767: $? = 0
configure:7789: result: yes
configure:7797: checking if gcc supports -c -o file.o
configure:7844: result: yes
configure:7877: checking whether the gcc linker (/usr/bin/ld -m elf_x86_64) supports shared libraries
configure:8863: result: yes
configure:8900: checking whether -lc should be explicitly linked in
configure:8905: gcc -c -g -O2  conftest.c >&5
configure:8908: $? = 0
configure:8923: gcc -shared conftest.o  -v -Wl,-soname -Wl,conftest -o conftest 2\>\&1 \| /usr/bin/grep  -lc  \>/dev/null 2\>\&1
configure:8926: $? = 0
configure:8938: result: no
configure:9102: checking dynamic linker characteristics
configure:9548: gcc -o conftest -g -O2   -Wl,-rpath -Wl,/foo conftest.c  >&5
configure:9548: $? = 0
configure:9766: result: GNU/Linux ld.so
configure:9868: checking how to hardcode library paths into programs
configure:9893: result: immediate
configure:10413: checking whether stripping libraries is possible
configure:10418: result: yes
configure:10453: checking if libtool supports shared libraries
configure:10455: result: yes
configure:10458: checking whether to build shared libraries
configure:10479: result: yes
configure:10482: checking whether to build static libraries
configure:10486: result: yes
configure:10523: checking for ANSI C header files
configure:10627: result: yes
configure:10638: checking for stdlib.h
configure:10638: result: yes
configure:10638: checking for string.h
configure:10638: result: yes
configure:10651: checking for size_t
configure:10651: gcc -c -g -O2  conftest.c >&5
configure:10651: $? = 0
configure:10651: gcc -c -g -O2  conftest.c >&5
conftest.c: In function 'main':
conftest.c:62:21: error: expected expression before ')' token
 if (sizeof ((size_t)))
                     ^
configure:10651: $? = 1
configure: failed program was:
| /* confdefs.h */
| #define PACKAGE_NAME ""
| #define PACKAGE_TARNAME ""
| #define PACKAGE_VERSION ""
| #define PACKAGE_STRING ""
| #define PACKAGE_BUGREPORT ""
| #define PACKAGE_URL ""
| #define PACKAGE "libbmp"
| #define VERSION "0.1.3"
| #define STDC_HEADERS 1
| #define HAVE_SYS_TYPES_H 1
| #define HAVE_SYS_STAT_H 1
| #define HAVE_STDLIB_H 1
| #define HAVE_STRING_H 1
| #define HAVE_MEMORY_H 1
| #define HAVE_STRINGS_H 1
| #define HAVE_INTTYPES_H 1
| #define HAVE_STDINT_H 1
| #define HAVE_UNISTD_H 1
| #define HAVE_DLFCN_H 1
| #define LT_OBJDIR ".libs/"
| #define STDC_HEADERS 1
| #define HAVE_STDLIB_H 1
| #define HAVE_STRING_H 1
| /* end confdefs.h.  */
| #include <stdio.h>
| #ifdef HAVE_SYS_TYPES_H
| # include <sys/types.h>
| #endif
| #ifdef HAVE_SYS_STAT_H
| # include <sys/stat.h>
| #endif
| #ifdef STDC_HEADERS
| # include <stdlib.h>
| # include <stddef.h>
| #else
| # ifdef HAVE_STDLIB_H
| #  include <stdlib.h>
| # endif
| #endif
| #ifdef HAVE_STRING_H
| # if !defined STDC_HEADERS && defined HAVE_MEMORY_H
| #  include <memory.h>
| # endif
| # include <string.h>
| #endif
| #ifdef HAVE_STRINGS_H
| # include <strings.h>
| #endif
| #ifdef HAVE_INTTYPES_H
| # include <inttypes.h>
| #endif
| #ifdef HAVE_STDINT_H
| # include <stdint.h>
| #endif
| #ifdef HAVE_UNISTD_H
| # include <unistd.h>
| #endif
| int
| main ()
| {
| if (sizeof ((size_t)))
| 	    return 0;
|   ;
|   return 0;
| }
configure:10651: result: yes
configure:10662: checking for uint8_t
configure:10662: gcc -c -g -O2  conftest.c >&5
configure:10662: $? = 0
configure:10662: result: yes
configure:10676: checking for uint16_t
configure:10676: gcc -c -g -O2  conftest.c >&5
configure:10676: $? = 0
configure:10676: result: yes
configure:10688: checking for uint32_t
configure:10688: gcc -c -g -O2  conftest.c >&5
configure:10688: $? = 0
configure:10688: result: yes
configure:10706: checking for stdlib.h
configure:10706: result: yes
configure:10716: checking for GNU libc compatible malloc
configure:10740: gcc -o conftest -g -O2   conftest.c  >&5
configure:10740: $? = 0
configure:10740: ./conftest
configure:10740: $? = 0
configure:10750: result: yes
configure:10907: creating ./config.status

## ---------------------- ##
## Running config.status. ##
## ---------------------- ##

This file was extended by config.status, which was
generated by GNU Autoconf 2.65.  Invocation command line was

  CONFIG_FILES    = 
  CONFIG_HEADERS  = 
  CONFIG_LINKS    = 
  CONFIG_COMMANDS = 
  $ ./config.status 

on dz

config.status:1076: creating libbmp.pc
config.status:1076: creating Makefile
config.status:1076: creating src/Makefile
config.status:1076: creating test/Makefile
config.status:1076: creating build/Makefile
config.status:1076: creating config.h
config.status:1296: executing depfiles commands
config.status:1296: executing libtool commands

## ---------------- ##
## Cache variables. ##
## ---------------- ##

ac_cv_build=x86_64-unknown-linux-gnu
ac_cv_c_compiler_gnu=yes
ac_cv_c_uint16_t=yes
ac_cv_c_uint32_t=yes
ac_cv_c_uint8_t=yes
ac_cv_env_CC_set=
ac_cv_env_CC_value=
ac_cv_env_CFLAGS_set=
ac_cv_env_CFLAGS_value=
ac_cv_env_CPPFLAGS_set=
ac_cv_env_CPPFLAGS_value=
ac_cv_env_CPP_set=
ac_cv_env_CPP_value=
ac_cv_env_LDFLAGS_set=
ac_cv_env_LDFLAGS_value=
ac_cv_env_LIBS_set=
ac_cv_env_LIBS_value=
ac_cv_env_build_alias_set=
ac_cv_env_build_alias_value=
ac_cv_env_host_alias_set=
ac_cv_env_host_alias_value=
ac_cv_env_target_alias_set=
ac_cv_env_target_alias_value=
ac_cv_func_malloc_0_nonnull=yes
ac_cv_header_dlfcn_h=yes
ac_cv_header_inttypes_h=yes
ac_cv_header_memory_h=yes
ac_cv_header_stdc=yes
ac_cv_header_stdint_h=yes
ac_cv_header_stdlib_h=yes
ac_cv_header_string_h=yes
ac_cv_header_strings_h=yes
ac_cv_header_sys_stat_h=yes
ac_cv_header_sys_types_h=yes
ac_cv_header_unistd_h=yes
ac_cv_host=x86_64-unknown-linux-gnu
ac_cv_objext=o
ac_cv_path_EGREP='/usr/bin/grep -E'
ac_cv_path_FGREP='/usr/bin/grep -F'
ac_cv_path_GREP=/usr/bin/grep
ac_cv_path_SED=/usr/bin/sed
ac_cv_path_install='/usr/bin/install -c'
ac_cv_path_mkdir=/usr/bin/mkdir
ac_cv_prog_AWK=gawk
ac_cv_prog_CPP='gcc -E'
ac_cv_prog_ac_ct_AR=ar
ac_cv_prog_ac_ct_CC=gcc
ac_cv_prog_ac_ct_OBJDUMP=objdump
ac_cv_prog_ac_ct_RANLIB=ranlib
ac_cv_prog_ac_ct_STRIP=strip
ac_cv_prog_cc_c89=
ac_cv_prog_cc_g=yes
ac_cv_prog_make_make_set=yes
ac_cv_type_size_t=yes
am_cv_CC_dependencies_compiler_type=gcc3
lt_cv_deplibs_check_method=pass_all
lt_cv_file_magic_cmd='$MAGIC_CMD'
lt_cv_file_magic_test_file=
lt_cv_ld_reload_flag=-r
lt_cv_nm_interface='BSD nm'
lt_cv_objdir=.libs
lt_cv_path_LD=/usr/bin/ld
lt_cv_path_NM='/usr/bin/nm -B'
lt_cv_prog_compiler_c_o=yes
lt_cv_prog_compiler_pic_works=yes
lt_cv_prog_compiler_rtti_exceptions=no
lt_cv_prog_compiler_static_works=no
lt_cv_prog_gnu_ld=yes
lt_cv_sys_global_symbol_pipe='sed -n -e '\''s/^.*[	 ]\([ABCDGIRSTW][ABCDGIRSTW]*\)[	 ][	 ]*\([_A-Za-z][_A-Za-z0-9]*\)$/\1 \2 \2/p'\'''
lt_cv_sys_global_symbol_to_c_name_address='sed -n -e '\''s/^: \([^ ]*\) $/  {\"\1\", (void *) 0},/p'\'' -e '\''s/^[ABCDGIRSTW]* \([^ ]*\) \([^ ]*\)$/  {"\2", (void *) \&\2},/p'\'''
lt_cv_sys_global_symbol_to_c_name_address_lib_prefix='sed -n -e '\''s/^: \([^ ]*\) $/  {\"\1\", (void *) 0},/p'\'' -e '\''s/^[ABCDGIRSTW]* \([^ ]*\) \(lib[^ ]*\)$/  {"\2", (void *) \&\2},/p'\'' -e '\''s/^[ABCDGIRSTW]* \([^ ]*\) \([^ ]*\)$/  {"lib\2", (void *) \&\2},/p'\'''
lt_cv_sys_global_symbol_to_cdecl='sed -n -e '\''s/^T .* \(.*\)$/extern int \1();/p'\'' -e '\''s/^[ABCDGIRSTW]* .* \(.*\)$/extern char \1;/p'\'''
lt_cv_sys_max_cmd_len=1572864

## ----------------- ##
## Output variables. ##
## ----------------- ##

ACLOCAL='${SHELL} /home/henocdz/ESCOM/crypto/image_cipher/libbmp-0.1.3/missing --run aclocal-1.11'
AMDEPBACKSLASH='\'
AMDEP_FALSE='#'
AMDEP_TRUE=''
AMTAR='${SHELL} /home/henocdz/ESCOM/crypto/image_cipher/libbmp-0.1.3/missing --run tar'
AR='ar'
AUTOCONF='${SHELL} /home/henocdz/ESCOM/crypto/image_cipher/libbmp-0.1.3/missing --run autoconf'
AUTOHEADER='${SHELL} /home/henocdz/ESCOM/crypto/image_cipher/libbmp-0.1.3/missing --run autoheader'
AUTOMAKE='${SHELL} /home/henocdz/ESCOM/crypto/image_cipher/libbmp-0.1.3/missing --run automake-1.11'
AWK='gawk'
CC='gcc'
CCDEPMODE='depmode=gcc3'
CFLAGS='-g -O2'
CPP='gcc -E'
CPPFLAGS=''
CYGPATH_W='echo'
DEFS='-DHAVE_CONFIG_H'
DEPDIR='.deps'
DSYMUTIL=''
DUMPBIN=''
ECHO_C=''
ECHO_N='-n'
ECHO_T=''
EGREP='/usr/bin/grep -E'
EXEEXT=''
FGREP='/usr/bin/grep -F'
GREP='/usr/bin/grep'
INSTALL_DATA='${INSTALL} -m 644'
INSTALL_PROGRAM='${INSTALL}'
INSTALL_SCRIPT='${INSTALL}'
INSTALL_STRIP_PROGRAM='$(install_sh) -c -s'
LD='/usr/bin/ld -m elf_x86_64'
LDFLAGS=''
LIBOBJS=''
LIBS=''
LIBTOOL='$(SHELL) $(top_builddir)/libtool'
LIPO=''
LN_S='ln -s'
LTLIBOBJS=''
LT_AGE='101'
LT_CURRENT='101'
LT_CURRENT_MINUS_AGE='0'
LT_RELEASE='0.1'
LT_REVISION='2'
MAKEINFO='${SHELL} /home/henocdz/ESCOM/crypto/image_cipher/libbmp-0.1.3/missing --run makeinfo'
MKDIR_P='/usr/bin/mkdir -p'
NM='/usr/bin/nm -B'
NMEDIT=''
OBJDUMP='objdump'
OBJEXT='o'
OTOOL64=''
OTOOL=''
PACKAGE='libbmp'
PACKAGE_BUGREPORT=''
PACKAGE_NAME='libbmp'
PACKAGE_STRING=''
PACKAGE_TARNAME=''
PACKAGE_URL=''
PACKAGE_VERSION='0.1.3'
PATH_SEPARATOR=':'
RANLIB='ranlib'
SED='/usr/bin/sed'
SET_MAKE=''
SHELL='/bin/sh'
STRIP='strip'
VERSION='0.1.3'
ac_ct_CC='gcc'
ac_ct_DUMPBIN=''
am__EXEEXT_FALSE=''
am__EXEEXT_TRUE='#'
am__fastdepCC_FALSE='#'
am__fastdepCC_TRUE=''
am__include='include'
am__isrc=''
am__leading_dot='.'
am__quote=''
am__tar='${AMTAR} chof - "$$tardir"'
am__untar='${AMTAR} xf -'
bindir='${exec_prefix}/bin'
build='x86_64-unknown-linux-gnu'
build_alias=''
build_cpu='x86_64'
build_os='linux-gnu'
build_vendor='unknown'
datadir='${datarootdir}'
datarootdir='${prefix}/share'
docdir='${datarootdir}/doc/${PACKAGE}'
dvidir='${docdir}'
exec_prefix='${prefix}'
host='x86_64-unknown-linux-gnu'
host_alias=''
host_cpu='x86_64'
host_os='linux-gnu'
host_vendor='unknown'
htmldir='${docdir}'
includedir='${prefix}/include'
infodir='${datarootdir}/info'
install_sh='${SHELL} /home/henocdz/ESCOM/crypto/image_cipher/libbmp-0.1.3/install-sh'
libdir='${exec_prefix}/lib'
libexecdir='${exec_prefix}/libexec'
localedir='${datarootdir}/locale'
localstatedir='${prefix}/var'
lt_ECHO='echo'
mandir='${datarootdir}/man'
mkdir_p='/usr/bin/mkdir -p'
oldincludedir='/usr/include'
pdfdir='${docdir}'
prefix='/usr/local'
program_transform_name='s,x,x,'
psdir='${docdir}'
sbindir='${exec_prefix}/sbin'
sharedstatedir='${prefix}/com'
sysconfdir='${prefix}/etc'
target_alias=''

## ----------- ##
## confdefs.h. ##
## ----------- ##

/* confdefs.h */
#define PACKAGE_NAME ""
#define PACKAGE_TARNAME ""
#define PACKAGE_VERSION ""
#define PACKAGE_STRING ""
#define PACKAGE_BUGREPORT ""
#define PACKAGE_URL ""
#define PACKAGE "libbmp"
#define VERSION "0.1.3"
#define STDC_HEADERS 1
#define HAVE_SYS_TYPES_H 1
#define HAVE_SYS_STAT_H 1
#define HAVE_STDLIB_H 1
#define HAVE_STRING_H 1
#define HAVE_MEMORY_H 1
#define HAVE_STRINGS_H 1
#define HAVE_INTTYPES_H 1
#define HAVE_STDINT_H 1
#define HAVE_UNISTD_H 1
#define HAVE_DLFCN_H 1
#define LT_OBJDIR ".libs/"
#define STDC_HEADERS 1
#define HAVE_STDLIB_H 1
#define HAVE_STRING_H 1
#define HAVE_STDLIB_H 1
#define HAVE_MALLOC 1

configure: exit 0
